<?xml version="1.0" encoding="UTF-8"?>
<testsuite name="ParseAddressesTest" tests="2" skipped="0" failures="0" errors="0" timestamp="2022-06-06T21:47:52" hostname="LAPTOP-CDMIABP1" time="0.038">
  <properties/>
  <testcase name="parser throw an exception when the string is incorrect()" classname="ParseAddressesTest" time="0.037"/>
  <testcase name="parser should return list of addresses()" classname="ParseAddressesTest" time="0.0"/>
  <system-out><![CDATA[]]></system-out>
  <system-err><![CDATA[]]></system-err>
</testsuite>
