<?xml version="1.0" encoding="UTF-8"?>
<testsuite name="Lab6JsonTests" tests="1" skipped="0" failures="0" errors="0" timestamp="2022-06-09T01:00:42" hostname="LAPTOP-CDMIABP1" time="0.086">
  <properties/>
  <testcase name="serializeDeserializeTest()" classname="Lab6JsonTests" time="0.086"/>
  <system-out><![CDATA[]]></system-out>
  <system-err><![CDATA[]]></system-err>
</testsuite>
