<?xml version="1.0" encoding="UTF-8"?>
<testsuite name="Lab5Tests" tests="1" skipped="0" failures="0" errors="0" timestamp="2022-06-08T21:38:46" hostname="LAPTOP-CDMIABP1" time="0.031">
  <properties/>
  <testcase name="getSortedTest()" classname="Lab5Tests" time="0.031"/>
  <system-out><![CDATA[]]></system-out>
  <system-err><![CDATA[]]></system-err>
</testsuite>
